app\config.py:21: error: Missing named argument "DATABASE_URL" for "Settings"  [call-arg]
app\config.py:21: error: Missing named argument "SECRET_KEY" for "Settings"  [call-arg]
app\utils\security.py:4: error: Library stubs not installed for "passlib.context"  [import-untyped]
app\utils\security.py:4: note: Hint: "python3 -m pip install types-passlib"
app\utils\security.py:4: note: (or run "mypy --install-types" to install all missing stub packages)
app\utils\security.py:4: note: See https://mypy.readthedocs.io/en/stable/running_mypy.html#missing-imports
app\utils\security.py:40: error: Module has no attribute "JWTError"  [attr-defined]
app\repositories\booking_repository.py:42: error: Incompatible types in assignment (expression has type "str", variable has type "Column[str]")  [assignment]
app\services\dashboard_service.py:124: error: Argument "overdue_returns" to "DashboardResponse" has incompatible type "list[dict[str, Any]]"; expected "list[DashboardReturnItem]"  [arg-type]
app\services\dashboard_service.py:125: error: Argument "upcoming_returns" to "DashboardResponse" has incompatible type "list[dict[str, Any]]"; expected "list[DashboardReturnItem]"  [arg-type]
app\repositories\activity_log_repository.py:38: error: Incompatible types in assignment (expression has type "bool", variable has type "Column[bool]")  [assignment]
app\services\auth_service.py:28: error: Argument 2 to "verify_password" has incompatible type "Column[str]"; expected "str"  [arg-type]
app\services\auth_service.py:34: error: Argument "role" to "create_access_token" has incompatible type "Column[str]"; expected "str"  [arg-type]
app\services\auth_service.py:35: error: Argument "role" to "create_refresh_token" has incompatible type "Column[str]"; expected "str"  [arg-type]
app\services\auth_service.py:41: error: Argument 1 to "get_by_id" of "BaseRepository" has incompatible type "str"; expected "UUID"  [arg-type]
app\services\auth_service.py:58: error: Argument 1 to "get_by_id" of "BaseRepository" has incompatible type "str"; expected "UUID"  [arg-type]
app\services\user_service.py:50: error: Item "None" of "User | None" has no attribute "role"  [union-attr]
app\services\department_service.py:15: error: Incompatible default for parameter "status" (default has type "None", parameter has type "str")  [assignment]
app\services\department_service.py:15: note: PEP 484 prohibits implicit Optional. Accordingly, mypy has changed its default to no_implicit_optional=True
app\services\department_service.py:15: note: Use https://github.com/hauntsaninja/no_implicit_optional to automatically upgrade your codebase
app\services\department_service.py:24: error: Argument 1 to "get_by_id" of "BaseRepository" has incompatible type "Column[UUID]"; expected "UUID"  [arg-type]
app\services\department_service.py:25: error: Argument 1 to "get_children" of "DepartmentRepository" has incompatible type "Column[UUID]"; expected "UUID"  [arg-type]
app\services\department_service.py:26: error: Argument 1 to "get_member_count" of "DepartmentRepository" has incompatible type "Column[UUID]"; expected "UUID"  [arg-type]
app\services\department_service.py:47: error: Argument 1 to "get_by_id" of "BaseRepository" has incompatible type "Column[UUID]"; expected "UUID"  [arg-type]
app\services\department_service.py:48: error: Argument 1 to "get_children" of "DepartmentRepository" has incompatible type "Column[UUID]"; expected "UUID"  [arg-type]
app\services\department_service.py:49: error: Argument 1 to "get_member_count" of "DepartmentRepository" has incompatible type "Column[UUID]"; expected "UUID"  [arg-type]
app\services\department_service.py:106: error: Argument 1 to "get_member_count" of "DepartmentRepository" has incompatible type "Column[UUID]"; expected "UUID"  [arg-type]
app\services\booking_service.py:63: error: Argument 1 to "get_conflicting_bookings" of "BookingRepository" has incompatible type "Column[UUID]"; expected "UUID"  [arg-type]
app\services\audit_service.py:27: error: Argument "id" to "AuditCycleResponse" has incompatible type "Column[UUID]"; expected "UUID"  [arg-type]
app\services\audit_service.py:28: error: Argument "name" to "AuditCycleResponse" has incompatible type "Column[str]"; expected "str"  [arg-type]
app\services\audit_service.py:29: error: Argument "scope_department_id" to "AuditCycleResponse" has incompatible type "Column[UUID]"; expected "UUID"  [arg-type]
app\services\audit_service.py:30: error: Argument "start_date" to "AuditCycleResponse" has incompatible type "Column[date]"; expected "date"  [arg-type]
app\services\audit_service.py:31: error: Argument "end_date" to "AuditCycleResponse" has incompatible type "Column[date]"; expected "date"  [arg-type]
app\services\audit_service.py:32: error: Argument "status" to "AuditCycleResponse" has incompatible type "Column[str]"; expected "str"  [arg-type]
app\services\audit_service.py:33: error: Argument "auditor_ids" to "AuditCycleResponse" has incompatible type "Column[Any]"; expected "list[UUID]"  [arg-type]
app\services\audit_service.py:66: error: Argument 1 to "get_cycle_by_id" of "AuditRepository" has incompatible type "Column[UUID]"; expected "UUID"  [arg-type]
app\services\audit_service.py:67: error: Argument 1 to "_build_response" of "AuditService" has incompatible type "AuditCycle | None"; expected "AuditCycle"  [arg-type]
app\services\audit_service.py:87: error: Incompatible types in assignment (expression has type "date", variable has type "Column[date]")  [assignment]
app\services\audit_service.py:89: error: Incompatible types in assignment (expression has type "list[UUID]", variable has type "Column[Any]")  [assignment]
app\services\audit_service.py:104: error: Incompatible types in assignment (expression has type "str", variable has type "Column[str]")  [assignment]
app\services\category_service.py:17: error: Argument 1 to "get_asset_count" of "CategoryRepository" has incompatible type "Column[UUID]"; expected "UUID"  [arg-type]
app\services\category_service.py:33: error: Argument 1 to "get_asset_count" of "CategoryRepository" has incompatible type "Column[UUID]"; expected "UUID"  [arg-type]
app\services\category_service.py:67: error: Argument 1 to "get_asset_count" of "CategoryRepository" has incompatible type "Column[UUID]"; expected "UUID"  [arg-type]
app\controllers\department_controller.py:15: error: Argument "status" to "get_all" of "DepartmentService" has incompatible type "str | None"; expected "str"  [arg-type]
app\controllers\department_controller.py:28: error: Argument 1 to "get_by_id" of "DepartmentService" has incompatible type "Column[UUID]"; expected "UUID"  [arg-type]
app\controllers\department_controller.py:35: error: Argument 1 to "get_by_id" of "DepartmentService" has incompatible type "Column[UUID]"; expected "UUID"  [arg-type]
app\controllers\category_controller.py:26: error: Argument 1 to "get_by_id" of "CategoryService" has incompatible type "Column[UUID]"; expected "UUID"  [arg-type]
app\controllers\category_controller.py:32: error: Argument 1 to "get_by_id" of "CategoryService" has incompatible type "Column[UUID]"; expected "UUID"  [arg-type]
app\services\maintenance_service.py:87: error: Argument 1 to "change_status" of "AssetService" has incompatible type "Column[UUID]"; expected "UUID"  [arg-type]
app\services\maintenance_service.py:140: error: Argument 1 to "change_status" of "AssetService" has incompatible type "Column[UUID]"; expected "UUID"  [arg-type]
app\services\allocation_service.py:109: error: Argument 1 to "change_status" of "AssetService" has incompatible type "Column[UUID]"; expected "UUID"  [arg-type]
app\services\transfer_service.py:98: error: Argument 1 to "get_active_by_asset" of "AllocationRepository" has incompatible type "Column[UUID]"; expected "UUID"  [arg-type]
app\services\transfer_service.py:108: error: Argument 1 to "return_asset" of "AllocationService" has incompatible type "Column[UUID]"; expected "UUID"  [arg-type]
app\services\transfer_service.py:119: error: Argument "asset_id" to "AllocationCreate" has incompatible type "Column[UUID]"; expected "UUID"  [arg-type]
app\services\transfer_service.py:120: error: Argument "employee_id" to "AllocationCreate" has incompatible type "Column[UUID]"; expected "UUID"  [arg-type]
app\services\transfer_service.py:121: error: Argument "department_id" to "AllocationCreate" has incompatible type "Column[UUID]"; expected "UUID | None"  [arg-type]
app\services\transfer_service.py:122: error: Argument "expected_return_date" to "AllocationCreate" has incompatible type "Column[date]"; expected "date | None"  [arg-type]
Found 52 errors in 16 files (checked 91 source files)
